Looking for git in: git
Using git 2.25.1 from git
> git rev-parse --git-dir
Open repository: /home/nodog/docs/files/DroneJob/crazyflie-lib-python-leo
> git status -z -u
> git symbolic-ref --short HEAD
> git rev-parse master
> git rev-parse --symbolic-full-name master@{u}
> git rev-list --left-right master...refs/remotes/origin/master
> git for-each-ref --sort -committerdate --format %(refname) %(objectname) %(*objectname)
> git remote --verbose
Warning: Failed to watch ref '/home/nodog/docs/files/DroneJob/crazyflie-lib-python-leo/.git/refs/remotes/origin/master', is most likely packed.
> git config --get commit.template
> git show --textconv :examples/flytest.py
> git ls-files --stage -- /home/nodog/docs/files/DroneJob/crazyflie-lib-python-leo/examples/flytest.py
> git cat-file -s 62405acceb4b2576ebde3855e02912b6dbf9e0d0
> git check-ignore -v -z --stdin
> git status -z -u
> git symbolic-ref --short HEAD
> git rev-parse master
> git rev-parse --symbolic-full-name master@{u}
> git rev-list --left-right master...refs/remotes/origin/master
> git for-each-ref --sort -committerdate --format %(refname) %(objectname) %(*objectname)
> git remote --verbose
Warning: Failed to watch ref '/home/nodog/docs/files/DroneJob/crazyflie-lib-python-leo/.git/refs/remotes/origin/master', is most likely packed.
> git config --get commit.template
> git status -z -u
> git symbolic-ref --short HEAD
> git rev-parse master
> git rev-parse --symbolic-full-name master@{u}
> git rev-list --left-right master...refs/remotes/origin/master
> git for-each-ref --sort -committerdate --format %(refname) %(objectname) %(*objectname)
> git remote --verbose
Warning: Failed to watch ref '/home/nodog/docs/files/DroneJob/crazyflie-lib-python-leo/.git/refs/remotes/origin/master', is most likely packed.
> git config --get commit.template
> git status -z -u
> git symbolic-ref --short HEAD
> git rev-parse master
> git rev-parse --symbolic-full-name master@{u}
> git rev-list --left-right master...refs/remotes/origin/master
> git for-each-ref --sort -committerdate --format %(refname) %(objectname) %(*objectname)
> git remote --verbose
Warning: Failed to watch ref '/home/nodog/docs/files/DroneJob/crazyflie-lib-python-leo/.git/refs/remotes/origin/master', is most likely packed.
> git config --get commit.template
> git status -z -u
> git symbolic-ref --short HEAD
> git rev-parse master
> git rev-parse --symbolic-full-name master@{u}
> git rev-list --left-right master...refs/remotes/origin/master
> git for-each-ref --sort -committerdate --format %(refname) %(objectname) %(*objectname)
> git remote --verbose
Warning: Failed to watch ref '/home/nodog/docs/files/DroneJob/crazyflie-lib-python-leo/.git/refs/remotes/origin/master', is most likely packed.
> git config --get commit.template
> git status -z -u
> git symbolic-ref --short HEAD
> git rev-parse master
> git rev-parse --symbolic-full-name master@{u}
> git rev-list --left-right master...refs/remotes/origin/master
> git for-each-ref --sort -committerdate --format %(refname) %(objectname) %(*objectname)
> git remote --verbose
Warning: Failed to watch ref '/home/nodog/docs/files/DroneJob/crazyflie-lib-python-leo/.git/refs/remotes/origin/master', is most likely packed.
> git config --get commit.template
> git show --textconv :cflib/crazyflie/commander.py
> git ls-files --stage -- /home/nodog/docs/files/DroneJob/crazyflie-lib-python-leo/cflib/crazyflie/commander.py
> git cat-file -s fefa9ae592f3a9447eb40624f933d6c50a4a6c9b
> git check-ignore -v -z --stdin
> git show --textconv :examples/flytest.py
> git ls-files --stage -- /home/nodog/docs/files/DroneJob/crazyflie-lib-python-leo/examples/flytest.py
> git cat-file -s 62405acceb4b2576ebde3855e02912b6dbf9e0d0
> git status -z -u
> git symbolic-ref --short HEAD
> git rev-parse master
> git rev-parse --symbolic-full-name master@{u}
> git rev-list --left-right master...refs/remotes/origin/master
> git for-each-ref --sort -committerdate --format %(refname) %(objectname) %(*objectname)
> git remote --verbose
Warning: Failed to watch ref '/home/nodog/docs/files/DroneJob/crazyflie-lib-python-leo/.git/refs/remotes/origin/master', is most likely packed.
> git config --get commit.template
> git show --textconv :cflib/crazyflie/__init__.py
> git ls-files --stage -- /home/nodog/docs/files/DroneJob/crazyflie-lib-python-leo/cflib/crazyflie/__init__.py
> git cat-file -s 3962220a9cb8d8b3c76110ae8306ace47bcacc23
> git check-ignore -v -z --stdin
> git show --textconv :cflib/crazyflie/commander.py
> git ls-files --stage -- /home/nodog/docs/files/DroneJob/crazyflie-lib-python-leo/cflib/crazyflie/commander.py
> git cat-file -s fefa9ae592f3a9447eb40624f933d6c50a4a6c9b
> git show --textconv :examples/flytest.py
> git ls-files --stage -- /home/nodog/docs/files/DroneJob/crazyflie-lib-python-leo/examples/flytest.py
> git cat-file -s 62405acceb4b2576ebde3855e02912b6dbf9e0d0
> git status -z -u
> git symbolic-ref --short HEAD
> git rev-parse master
> git rev-parse --symbolic-full-name master@{u}
> git rev-list --left-right master...refs/remotes/origin/master
> git for-each-ref --sort -committerdate --format %(refname) %(objectname) %(*objectname)
> git remote --verbose
Warning: Failed to watch ref '/home/nodog/docs/files/DroneJob/crazyflie-lib-python-leo/.git/refs/remotes/origin/master', is most likely packed.
> git config --get commit.template
> git status -z -u
> git symbolic-ref --short HEAD
> git rev-parse master
> git rev-parse --symbolic-full-name master@{u}
> git rev-list --left-right master...refs/remotes/origin/master
> git for-each-ref --sort -committerdate --format %(refname) %(objectname) %(*objectname)
> git remote --verbose
Warning: Failed to watch ref '/home/nodog/docs/files/DroneJob/crazyflie-lib-python-leo/.git/refs/remotes/origin/master', is most likely packed.
> git config --get commit.template
> git show --textconv :cflib/crazyflie/commander.py
> git ls-files --stage -- /home/nodog/docs/files/DroneJob/crazyflie-lib-python-leo/cflib/crazyflie/commander.py
> git cat-file -s fefa9ae592f3a9447eb40624f933d6c50a4a6c9b
> git status -z -u
> git symbolic-ref --short HEAD
> git rev-parse master
> git rev-parse --symbolic-full-name master@{u}
> git rev-list --left-right master...refs/remotes/origin/master
> git for-each-ref --sort -committerdate --format %(refname) %(objectname) %(*objectname)
> git remote --verbose
Warning: Failed to watch ref '/home/nodog/docs/files/DroneJob/crazyflie-lib-python-leo/.git/refs/remotes/origin/master', is most likely packed.
> git config --get commit.template
> git show --textconv :cflib/crazyflie/__init__.py
> git ls-files --stage -- /home/nodog/docs/files/DroneJob/crazyflie-lib-python-leo/cflib/crazyflie/__init__.py
> git cat-file -s 3962220a9cb8d8b3c76110ae8306ace47bcacc23
> git show --textconv :cflib/crazyflie/commander.py
> git ls-files --stage -- /home/nodog/docs/files/DroneJob/crazyflie-lib-python-leo/cflib/crazyflie/commander.py
> git cat-file -s fefa9ae592f3a9447eb40624f933d6c50a4a6c9b
> git show --textconv :examples/flytest.py
> git ls-files --stage -- /home/nodog/docs/files/DroneJob/crazyflie-lib-python-leo/examples/flytest.py
> git cat-file -s 62405acceb4b2576ebde3855e02912b6dbf9e0d0
> git show --textconv :cflib/crazyflie/commander.py
> git ls-files --stage -- /home/nodog/docs/files/DroneJob/crazyflie-lib-python-leo/cflib/crazyflie/commander.py
> git cat-file -s fefa9ae592f3a9447eb40624f933d6c50a4a6c9b
> git show --textconv :cflib/crazyflie/__init__.py
> git ls-files --stage -- /home/nodog/docs/files/DroneJob/crazyflie-lib-python-leo/cflib/crazyflie/__init__.py
> git cat-file -s 3962220a9cb8d8b3c76110ae8306ace47bcacc23
> git show --textconv :examples/flytest.py
> git ls-files --stage -- /home/nodog/docs/files/DroneJob/crazyflie-lib-python-leo/examples/flytest.py
> git cat-file -s 62405acceb4b2576ebde3855e02912b6dbf9e0d0
> git show --textconv :cflib/crazyflie/console.py
> git ls-files --stage -- /home/nodog/docs/files/DroneJob/crazyflie-lib-python-leo/cflib/crazyflie/console.py
> git cat-file -s d1e7ac757db6dad1221d48d709286245db87a767
> git check-ignore -v -z --stdin
> git status -z -u
> git symbolic-ref --short HEAD
> git rev-parse master
> git rev-parse --symbolic-full-name master@{u}
> git rev-list --left-right master...refs/remotes/origin/master
> git for-each-ref --sort -committerdate --format %(refname) %(objectname) %(*objectname)
> git remote --verbose
Warning: Failed to watch ref '/home/nodog/docs/files/DroneJob/crazyflie-lib-python-leo/.git/refs/remotes/origin/master', is most likely packed.
> git config --get commit.template
> git show --textconv :examples/flytest.py
> git ls-files --stage -- /home/nodog/docs/files/DroneJob/crazyflie-lib-python-leo/examples/flytest.py
> git cat-file -s 62405acceb4b2576ebde3855e02912b6dbf9e0d0
> git show --textconv :cflib/crazyflie/commander.py
> git ls-files --stage -- /home/nodog/docs/files/DroneJob/crazyflie-lib-python-leo/cflib/crazyflie/commander.py
> git cat-file -s fefa9ae592f3a9447eb40624f933d6c50a4a6c9b
> git show --textconv :examples/autonomousSequence.py
> git ls-files --stage -- /home/nodog/docs/files/DroneJob/crazyflie-lib-python-leo/examples/autonomousSequence.py
> git cat-file -s f4d37fac401b981a51821807f468327ac744a7bc
> git check-ignore -v -z --stdin
> git show --textconv :examples/motion_commander_demo.py
> git ls-files --stage -- /home/nodog/docs/files/DroneJob/crazyflie-lib-python-leo/examples/motion_commander_demo.py
> git cat-file -s 6040d1ffcf629d8a6823748f86758af8408b403f
> git check-ignore -v -z --stdin
> git show --textconv :examples/autonomous_sequence_high_level.py
> git ls-files --stage -- /home/nodog/docs/files/DroneJob/crazyflie-lib-python-leo/examples/autonomous_sequence_high_level.py
> git cat-file -s 9132a7917dc50d54a5fa173fc0c81c1e1d22b64f
> git check-ignore -v -z --stdin
> git show --textconv :examples/motion_commander_demo.py
> git ls-files --stage -- /home/nodog/docs/files/DroneJob/crazyflie-lib-python-leo/examples/motion_commander_demo.py
> git cat-file -s 6040d1ffcf629d8a6823748f86758af8408b403f
> git show --textconv :cflib/crazyflie/commander.py
> git ls-files --stage -- /home/nodog/docs/files/DroneJob/crazyflie-lib-python-leo/cflib/crazyflie/commander.py
> git cat-file -s fefa9ae592f3a9447eb40624f933d6c50a4a6c9b
> git show --textconv :examples/motion_commander_demo.py
> git ls-files --stage -- /home/nodog/docs/files/DroneJob/crazyflie-lib-python-leo/examples/motion_commander_demo.py
> git cat-file -s 6040d1ffcf629d8a6823748f86758af8408b403f
> git show --textconv :cflib/positioning/__init__.py
> git ls-files --stage -- /home/nodog/docs/files/DroneJob/crazyflie-lib-python-leo/cflib/positioning/__init__.py
> git cat-file -s d776760fa7409fcb9410b6c71d22185b70ccd5f6
> git check-ignore -v -z --stdin
> git show --textconv :cflib/positioning/position_hl_commander.py
> git ls-files --stage -- /home/nodog/docs/files/DroneJob/crazyflie-lib-python-leo/cflib/positioning/position_hl_commander.py
> git cat-file -s 5d8c58fb279a0ec319196c1462fe00ae711680f0
> git check-ignore -v -z --stdin
> git show --textconv :cflib/positioning/motion_commander.py
> git ls-files --stage -- /home/nodog/docs/files/DroneJob/crazyflie-lib-python-leo/cflib/positioning/motion_commander.py
> git cat-file -s f075bcc8a8f9a605a0bded4d9adebb9ad35c25c3
> git check-ignore -v -z --stdin
> git show --textconv :examples/motion_commander_demo.py
> git ls-files --stage -- /home/nodog/docs/files/DroneJob/crazyflie-lib-python-leo/examples/motion_commander_demo.py
> git cat-file -s 6040d1ffcf629d8a6823748f86758af8408b403f
> git show --textconv :cflib/positioning/motion_commander.py
> git ls-files --stage -- /home/nodog/docs/files/DroneJob/crazyflie-lib-python-leo/cflib/positioning/motion_commander.py
> git cat-file -s f075bcc8a8f9a605a0bded4d9adebb9ad35c25c3
> git status -z -u
> git symbolic-ref --short HEAD
> git rev-parse master
> git rev-parse --symbolic-full-name master@{u}
> git rev-list --left-right master...refs/remotes/origin/master
> git for-each-ref --sort -committerdate --format %(refname) %(objectname) %(*objectname)
> git remote --verbose
Warning: Failed to watch ref '/home/nodog/docs/files/DroneJob/crazyflie-lib-python-leo/.git/refs/remotes/origin/master', is most likely packed.
> git config --get commit.template
> git show --textconv :examples/motion_commander_demo.py
> git ls-files --stage -- /home/nodog/docs/files/DroneJob/crazyflie-lib-python-leo/examples/motion_commander_demo.py
> git cat-file -s 6040d1ffcf629d8a6823748f86758af8408b403f
> git show --textconv :cflib/crazyflie/commander.py
> git ls-files --stage -- /home/nodog/docs/files/DroneJob/crazyflie-lib-python-leo/cflib/crazyflie/commander.py
> git cat-file -s fefa9ae592f3a9447eb40624f933d6c50a4a6c9b
> git show --textconv :cflib/crazyflie/__init__.py
> git ls-files --stage -- /home/nodog/docs/files/DroneJob/crazyflie-lib-python-leo/cflib/crazyflie/__init__.py
> git cat-file -s 3962220a9cb8d8b3c76110ae8306ace47bcacc23
> git show --textconv :cflib/crazyflie/console.py
> git ls-files --stage -- /home/nodog/docs/files/DroneJob/crazyflie-lib-python-leo/cflib/crazyflie/console.py
> git cat-file -s d1e7ac757db6dad1221d48d709286245db87a767
> git show --textconv :examples/motion_commander_demo.py
> git ls-files --stage -- /home/nodog/docs/files/DroneJob/crazyflie-lib-python-leo/examples/motion_commander_demo.py
> git cat-file -s 6040d1ffcf629d8a6823748f86758af8408b403f
> git show --textconv :cflib/positioning/motion_commander.py
> git ls-files --stage -- /home/nodog/docs/files/DroneJob/crazyflie-lib-python-leo/cflib/positioning/motion_commander.py
> git cat-file -s f075bcc8a8f9a605a0bded4d9adebb9ad35c25c3
> git show --textconv :cflib/positioning/position_hl_commander.py
> git ls-files --stage -- /home/nodog/docs/files/DroneJob/crazyflie-lib-python-leo/cflib/positioning/position_hl_commander.py
> git cat-file -s 5d8c58fb279a0ec319196c1462fe00ae711680f0
> git show --textconv :examples/flytest.py
> git ls-files --stage -- /home/nodog/docs/files/DroneJob/crazyflie-lib-python-leo/examples/flytest.py
> git cat-file -s 62405acceb4b2576ebde3855e02912b6dbf9e0d0
> git status -z -u
> git symbolic-ref --short HEAD
> git rev-parse master
> git rev-parse --symbolic-full-name master@{u}
> git rev-list --left-right master...refs/remotes/origin/master
> git for-each-ref --sort -committerdate --format %(refname) %(objectname) %(*objectname)
> git remote --verbose
Warning: Failed to watch ref '/home/nodog/docs/files/DroneJob/crazyflie-lib-python-leo/.git/refs/remotes/origin/master', is most likely packed.
> git config --get commit.template
