[2021-01-18 14:34:33.321] [exthost] [info] extension host started
[2021-01-18 14:34:33.343] [exthost] [info] ExtensionService#_doActivateExtension vscode.microsoft-authentication {"startup":false,"extensionId":{"value":"vscode.microsoft-authentication","_lower":"vscode.microsoft-authentication"},"activationEvent":"onAuthenticationRequest:microsoft"}
[2021-01-18 14:34:33.343] [exthost] [info] ExtensionService#loadCommonJSModule file:///snap/code/52/usr/share/code/resources/app/extensions/microsoft-authentication/dist/extension.js
[2021-01-18 14:34:33.354] [exthost] [info] ExtensionService#_doActivateExtension vscode.debug-auto-launch {"startup":true,"extensionId":{"value":"vscode.debug-auto-launch","_lower":"vscode.debug-auto-launch"},"activationEvent":"*"}
[2021-01-18 14:34:33.354] [exthost] [info] ExtensionService#loadCommonJSModule file:///snap/code/52/usr/share/code/resources/app/extensions/debug-auto-launch/dist/extension
[2021-01-18 14:34:33.357] [exthost] [info] ExtensionService#_doActivateExtension vscode.emmet {"startup":true,"extensionId":{"value":"vscode.emmet","_lower":"vscode.emmet"},"activationEvent":"*"}
[2021-01-18 14:34:33.357] [exthost] [info] ExtensionService#loadCommonJSModule file:///snap/code/52/usr/share/code/resources/app/extensions/emmet/dist/node/emmetNodeMain
[2021-01-18 14:34:33.373] [exthost] [info] ExtensionService#_doActivateExtension vscode.git {"startup":true,"extensionId":{"value":"vscode.github","_lower":"vscode.github"},"activationEvent":"*"}
[2021-01-18 14:34:33.373] [exthost] [info] ExtensionService#loadCommonJSModule file:///snap/code/52/usr/share/code/resources/app/extensions/git/dist/main
[2021-01-18 14:34:33.398] [exthost] [info] ExtensionService#_doActivateExtension vscode.merge-conflict {"startup":true,"extensionId":{"value":"vscode.merge-conflict","_lower":"vscode.merge-conflict"},"activationEvent":"*"}
[2021-01-18 14:34:33.398] [exthost] [info] ExtensionService#loadCommonJSModule file:///snap/code/52/usr/share/code/resources/app/extensions/merge-conflict/dist/mergeConflictMain
[2021-01-18 14:34:33.400] [exthost] [info] ExtensionService#_doActivateExtension vscode.search-result {"startup":true,"extensionId":{"value":"vscode.search-result","_lower":"vscode.search-result"},"activationEvent":"*"}
[2021-01-18 14:34:33.400] [exthost] [info] ExtensionService#loadCommonJSModule file:///snap/code/52/usr/share/code/resources/app/extensions/search-result/dist/extension.js
[2021-01-18 14:34:33.429] [exthost] [info] ExtensionService#_doActivateExtension vscode.github {"startup":true,"extensionId":{"value":"vscode.github","_lower":"vscode.github"},"activationEvent":"*"}
[2021-01-18 14:34:33.429] [exthost] [info] ExtensionService#loadCommonJSModule file:///snap/code/52/usr/share/code/resources/app/extensions/github/dist/extension.js
[2021-01-18 14:34:33.447] [exthost] [info] eager extensions activated
[2021-01-18 14:34:33.447] [exthost] [info] ExtensionService#_doActivateExtension ms-vscode.js-debug {"startup":false,"extensionId":{"value":"ms-vscode.js-debug","_lower":"ms-vscode.js-debug"},"activationEvent":"onCommand:extension.js-debug.clearAutoAttachVariables"}
[2021-01-18 14:34:33.447] [exthost] [info] ExtensionService#loadCommonJSModule file:///snap/code/52/usr/share/code/resources/app/extensions/ms-vscode.js-debug/src/extension.js
[2021-01-18 14:34:33.547] [exthost] [info] ExtensionService#_doActivateExtension vscode.github-authentication {"startup":false,"extensionId":{"value":"vscode.github-authentication","_lower":"vscode.github-authentication"},"activationEvent":"onAuthenticationRequest:github"}
[2021-01-18 14:34:33.547] [exthost] [info] ExtensionService#loadCommonJSModule file:///snap/code/52/usr/share/code/resources/app/extensions/github-authentication/dist/extension.js
[2021-01-18 14:35:30.432] [exthost] [info] ExtensionService#_doActivateExtension vscode.python {"startup":false,"extensionId":{"value":"vscode.python","_lower":"vscode.python"},"activationEvent":"onLanguage:python"}
[2021-01-18 14:35:30.432] [exthost] [info] ExtensionService#loadCommonJSModule file:///snap/code/52/usr/share/code/resources/app/extensions/python/dist/pythonMain
[2021-01-18 14:35:30.516] [exthost] [warning] [Decorations] CAPPING events from decorations provider vscode.git 417
[2021-01-18 14:35:32.295] [exthost] [warning] [Decorations] CAPPING events from decorations provider vscode.git 417
[2021-01-18 14:35:32.898] [exthost] [info] ExtensionService#_doActivateExtension vscode.configuration-editing {"startup":false,"extensionId":{"value":"vscode.configuration-editing","_lower":"vscode.configuration-editing"},"activationEvent":"onLanguage:jsonc"}
[2021-01-18 14:35:32.898] [exthost] [info] ExtensionService#loadCommonJSModule file:///snap/code/52/usr/share/code/resources/app/extensions/configuration-editing/dist/configurationEditingMain
[2021-01-18 14:35:32.904] [exthost] [info] ExtensionService#_doActivateExtension vscode.json-language-features {"startup":false,"extensionId":{"value":"vscode.json-language-features","_lower":"vscode.json-language-features"},"activationEvent":"onLanguage:jsonc"}
[2021-01-18 14:35:32.904] [exthost] [info] ExtensionService#loadCommonJSModule file:///snap/code/52/usr/share/code/resources/app/extensions/json-language-features/client/dist/node/jsonClientMain
[2021-01-18 14:35:32.928] [exthost] [info] ExtensionService#_doActivateExtension vscode.typescript-language-features {"startup":false,"extensionId":{"value":"vscode.typescript-language-features","_lower":"vscode.typescript-language-features"},"activationEvent":"onLanguage:jsonc"}
[2021-01-18 14:35:32.929] [exthost] [info] ExtensionService#loadCommonJSModule file:///snap/code/52/usr/share/code/resources/app/extensions/typescript-language-features/dist/extension
[2021-01-18 14:35:37.360] [exthost] [warning] [Decorations] CAPPING events from decorations provider vscode.git 418
[2021-01-18 14:35:42.554] [exthost] [warning] [Decorations] CAPPING events from decorations provider vscode.git 423
[2021-01-18 14:37:20.549] [exthost] [warning] [Decorations] CAPPING events from decorations provider vscode.git 425
[2021-01-18 14:38:03.905] [exthost] [warning] [Decorations] CAPPING events from decorations provider vscode.git 425
[2021-01-18 14:41:35.475] [exthost] [warning] [Decorations] CAPPING events from decorations provider vscode.git 425
[2021-01-18 14:46:49.154] [exthost] [warning] [Decorations] CAPPING events from decorations provider vscode.git 425
[2021-01-18 14:47:40.068] [exthost] [warning] [Decorations] CAPPING events from decorations provider vscode.git 425
[2021-01-18 14:52:25.028] [exthost] [warning] [Decorations] CAPPING events from decorations provider vscode.git 425
[2021-01-18 14:53:30.725] [exthost] [warning] [Decorations] CAPPING events from decorations provider vscode.git 433
[2021-01-18 15:35:31.720] [exthost] [warning] [Decorations] CAPPING events from decorations provider vscode.git 434
[2021-01-18 15:59:04.132] [exthost] [warning] [Decorations] CAPPING events from decorations provider vscode.git 434
